========================================================================================
=  Please ensure that you set the default write concern for the database by setting    =
=   one of the options                                                                 =
=                                                                                      =
=     w: (value of > -1 or the string 'majority'), where < 1 means                     =
=        no write acknowledgement                                                       =
=     journal: true/false, wait for flush to journal before acknowledgement             =
=     fsync: true/false, wait for flush to file system before acknowledgement           =
=                                                                                      =
=  For backward compatibility safe is still supported and                              =
=   allows values of [true | false | {j:true} | {w:n, wtimeout:n} | {fsync:true}]      =
=   the default value is false which means the driver receives does not                =
=   return the information of the success/error of the insert/update/remove            =
=                                                                                      =
=   ex: new Db(new Server('localhost', 27017), {safe:false})                           =
=                                                                                      =
=   http://www.mongodb.org/display/DOCS/getLastError+Command                           =
=                                                                                      =
=  The default of no acknowledgement will change in the very near future                =
=                                                                                      =
=  This message will disappear when the default safe is set on the driver Db           =
========================================================================================
========================================================================================
=  Please ensure that you set the default write concern for the database by setting    =
=   one of the options                                                                 =
=                                                                                      =
=     w: (value of > -1 or the string 'majority'), where < 1 means                     =
=        no write acknowledgement                                                       =
=     journal: true/false, wait for flush to journal before acknowledgement             =
=     fsync: true/false, wait for flush to file system before acknowledgement           =
=                                                                                      =
=  For backward compatibility safe is still supported and                              =
=   allows values of [true | false | {j:true} | {w:n, wtimeout:n} | {fsync:true}]      =
=   the default value is false which means the driver receives does not                =
=   return the information of the success/error of the insert/update/remove            =
=                                                                                      =
=   ex: new Db(new Server('localhost', 27017), {safe:false})                           =
=                                                                                      =
=   http://www.mongodb.org/display/DOCS/getLastError+Command                           =
=                                                                                      =
=  The default of no acknowledgement will change in the very near future                =
=                                                                                      =
=  This message will disappear when the default safe is set on the driver Db           =
========================================================================================
Express server listening on port 3000
Connected to Userinfo Database
Connected to FileInfo Database
[90mGET / [32m200 [90m5ms[0m
undefined
[90mGET /css/common.css [32m200 [90m3ms[0m
fileName : login_dialog.png
fileName : login_please_input_gmail.png
[90mGET /img/login_dialog.png [32m200 [90m3ms[0m
[90mGET /img/login_please_input_gmail.png [32m200 [90m2ms[0m
fileName : login_background_logo.png
[90mGET /img/login_background_logo.png [32m200 [90m1ms[0m
/
[ { fileName: 'apk',
    fileSize: '0',
    uploadDate: 1411769722.059,
    deviceID: 'ssm232elite@gmail.com',
    isFolder: '1',
    path: '/',
    _id: 5425e57a87bb5b265832e3ad },
  { fileName: 'images',
    fileSize: '0',
    uploadDate: 1411809374.128,
    deviceID: 'ssm232elite@gmail.com',
    isFolder: '1',
    path: '/',
    _id: 5426805ef82a4c926a1e401c } ]
[90mGET /opendir/ssm232elite@gmail.com?path=%2F [32m200 [90m11ms - 413b[0m
/apk
[]
[90mGET /opendir/ssm232elite@gmail.com?path=%2Fapk [32m200 [90m8ms - 2b[0m
/images
[ { fileName: 'darkcloud.jpg',
    fileSize: 44155,
    uploadDate: 1411769663.017,
    deviceID: 'ssm232elite@gmail.com',
    isFolder: 0,
    path: '/images',
    _id: 5425e53f87bb5b265832e3aa },
  { fileName: 'gdgssu.jpg',
    fileSize: 91716,
    uploadDate: 1411769682.934,
    deviceID: 'ssm232elite@gmail.com',
    isFolder: 0,
    path: '/images',
    _id: 5425e55287bb5b265832e3ab },
  { fileName: 'google.jpg',
    fileSize: 275605,
    uploadDate: 1411769695.886,
    deviceID: 'ssm232elite@gmail.com',
    isFolder: 0,
    path: '/images',
    _id: 5425e55f87bb5b265832e3ac },
  { _id: 542680d2f82a4c926a1e4020,
    deviceID: 'ssm232elite@gmail.com',
    fileName: 'dc_1411809478447.jpg',
    fileSize: 204405,
    isFolder: '0',
    path: '/images',
    uploadDate: '1411809486' },
  { _id: 5426882af82a4c926a1e4021,
    deviceID: 'ssm232elite@gmail.com',
    fileName: 'dc_1411811355611.jpg',
    fileSize: 200405,
    isFolder: '0',
    path: '/images',
    uploadDate: '1411811369' },
  { _id: 542689d9f82a4c926a1e4022,
    deviceID: 'ssm232elite@gmail.com',
    fileName: 'dc_1411811782575.jpg',
    fileSize: 207496,
    isFolder: '0',
    path: '/images',
    uploadDate: '1411811798' },
  { _id: 54268ad7f82a4c926a1e4023,
    deviceID: 'ssm232elite@gmail.com',
    fileName: 'dc_1411812036365.jpg',
    fileSize: 200807,
    isFolder: '0',
    path: '/images',
    uploadDate: '1411812050' },
  { _id: 542690f9f82a4c926a1e4024,
    deviceID: 'ssm232elite@gmail.com',
    fileName: 'dc_1411813605342.jpg',
    fileSize: 215901,
    isFolder: '0',
    path: '/images',
    uploadDate: '1411813621' },
  { _id: 54269846f82a4c926a1e4025,
    deviceID: 'ssm232elite@gmail.com',
    fileName: 'dc_1411815477002.jpg',
    fileSize: 195767,
    isFolder: '0',
    path: '/images',
    uploadDate: '1411815493' },
  { _id: 54269c92f82a4c926a1e4026,
    deviceID: 'ssm232elite@gmail.com',
    fileName: 'dc_1411816577222.jpg',
    fileSize: 212311,
    isFolder: '0',
    path: '/images',
    uploadDate: '1411816592' },
  { _id: 54269dcaf82a4c926a1e4027,
    deviceID: 'ssm232elite@gmail.com',
    fileName: 'dc_1411816882410.jpg',
    fileSize: 226590,
    isFolder: '0',
    path: '/images',
    uploadDate: '1411816905' },
  { _id: 54269f15f82a4c926a1e4028,
    deviceID: 'ssm232elite@gmail.com',
    fileName: 'dc_1411817225406.jpg',
    fileSize: 194547,
    isFolder: '0',
    path: '/images',
    uploadDate: '1411817234' },
  { _id: 54269fdbf82a4c926a1e4029,
    deviceID: 'ssm232elite@gmail.com',
    fileName: 'dc_1411817428156.jpg',
    fileSize: 207446,
    isFolder: '0',
    path: '/images',
    uploadDate: '1411817434' } ]
[90mGET /opendir/ssm232elite@gmail.com?path=%2Fimages [32m200 [90m7ms - 2.87kb[0m
5425e53f87bb5b265832e3aa
{ fileName: 'darkcloud.jpg', _id: 5425e53f87bb5b265832e3aa }
[90mGET /read/5425e53f87bb5b265832e3aa [32m200 [90m6ms[0m
5425e55287bb5b265832e3ab
{ fileName: 'gdgssu.jpg', _id: 5425e55287bb5b265832e3ab }
[90mGET /read/5425e55287bb5b265832e3ab [32m200 [90m9ms[0m
5425e55f87bb5b265832e3ac
{ fileName: 'google.jpg', _id: 5425e55f87bb5b265832e3ac }
[90mGET /read/5425e55f87bb5b265832e3ac [32m200 [90m50ms[0m
542680d2f82a4c926a1e4020
{ _id: 542680d2f82a4c926a1e4020,
  fileName: 'dc_1411809478447.jpg' }
[90mGET /read/542680d2f82a4c926a1e4020 [32m200 [90m34ms[0m
5426882af82a4c926a1e4021
{ _id: 5426882af82a4c926a1e4021,
  fileName: 'dc_1411811355611.jpg' }
[90mGET /read/5426882af82a4c926a1e4021 [32m200 [90m63ms[0m
542689d9f82a4c926a1e4022
{ _id: 542689d9f82a4c926a1e4022,
  fileName: 'dc_1411811782575.jpg' }
[90mGET /read/542689d9f82a4c926a1e4022 [32m200 [90m32ms[0m
54268ad7f82a4c926a1e4023
{ _id: 54268ad7f82a4c926a1e4023,
  fileName: 'dc_1411812036365.jpg' }
[90mGET /read/54268ad7f82a4c926a1e4023 [32m200 [90m44ms[0m
542690f9f82a4c926a1e4024
{ _id: 542690f9f82a4c926a1e4024,
  fileName: 'dc_1411813605342.jpg' }
[90mGET /read/542690f9f82a4c926a1e4024 [32m200 [90m83ms[0m
54269846f82a4c926a1e4025
{ _id: 54269846f82a4c926a1e4025,
  fileName: 'dc_1411815477002.jpg' }
[90mGET /read/54269846f82a4c926a1e4025 [32m200 [90m18ms[0m
54269c92f82a4c926a1e4026
{ _id: 54269c92f82a4c926a1e4026,
  fileName: 'dc_1411816577222.jpg' }
[90mGET /read/54269c92f82a4c926a1e4026 [32m200 [90m44ms[0m
54269dcaf82a4c926a1e4027
{ _id: 54269dcaf82a4c926a1e4027,
  fileName: 'dc_1411816882410.jpg' }
[90mGET /read/54269dcaf82a4c926a1e4027 [32m200 [90m65ms[0m
54269f15f82a4c926a1e4028
{ _id: 54269f15f82a4c926a1e4028,
  fileName: 'dc_1411817225406.jpg' }
[90mGET /read/54269f15f82a4c926a1e4028 [32m200 [90m21ms[0m
54269fdbf82a4c926a1e4029
{ _id: 54269fdbf82a4c926a1e4029,
  fileName: 'dc_1411817428156.jpg' }
[90mGET /read/54269fdbf82a4c926a1e4029 [32m200 [90m47ms[0m
/images
[ { fileName: 'darkcloud.jpg',
    fileSize: 44155,
    uploadDate: 1411769663.017,
    deviceID: 'ssm232elite@gmail.com',
    isFolder: 0,
    path: '/images',
    _id: 5425e53f87bb5b265832e3aa },
  { fileName: 'gdgssu.jpg',
    fileSize: 91716,
    uploadDate: 1411769682.934,
    deviceID: 'ssm232elite@gmail.com',
    isFolder: 0,
    path: '/images',
    _id: 5425e55287bb5b265832e3ab },
  { fileName: 'google.jpg',
    fileSize: 275605,
    uploadDate: 1411769695.886,
    deviceID: 'ssm232elite@gmail.com',
    isFolder: 0,
    path: '/images',
    _id: 5425e55f87bb5b265832e3ac },
  { _id: 542680d2f82a4c926a1e4020,
    deviceID: 'ssm232elite@gmail.com',
    fileName: 'dc_1411809478447.jpg',
    fileSize: 204405,
    isFolder: '0',
    path: '/images',
    uploadDate: '1411809486' },
  { _id: 5426882af82a4c926a1e4021,
    deviceID: 'ssm232elite@gmail.com',
    fileName: 'dc_1411811355611.jpg',
    fileSize: 200405,
    isFolder: '0',
    path: '/images',
    uploadDate: '1411811369' },
  { _id: 542689d9f82a4c926a1e4022,
    deviceID: 'ssm232elite@gmail.com',
    fileName: 'dc_1411811782575.jpg',
    fileSize: 207496,
    isFolder: '0',
    path: '/images',
    uploadDate: '1411811798' },
  { _id: 54268ad7f82a4c926a1e4023,
    deviceID: 'ssm232elite@gmail.com',
    fileName: 'dc_1411812036365.jpg',
    fileSize: 200807,
    isFolder: '0',
    path: '/images',
    uploadDate: '1411812050' },
  { _id: 542690f9f82a4c926a1e4024,
    deviceID: 'ssm232elite@gmail.com',
    fileName: 'dc_1411813605342.jpg',
    fileSize: 215901,
    isFolder: '0',
    path: '/images',
    uploadDate: '1411813621' },
  { _id: 54269846f82a4c926a1e4025,
    deviceID: 'ssm232elite@gmail.com',
    fileName: 'dc_1411815477002.jpg',
    fileSize: 195767,
    isFolder: '0',
    path: '/images',
    uploadDate: '1411815493' },
  { _id: 54269c92f82a4c926a1e4026,
    deviceID: 'ssm232elite@gmail.com',
    fileName: 'dc_1411816577222.jpg',
    fileSize: 212311,
    isFolder: '0',
    path: '/images',
    uploadDate: '1411816592' },
  { _id: 54269dcaf82a4c926a1e4027,
    deviceID: 'ssm232elite@gmail.com',
    fileName: 'dc_1411816882410.jpg',
    fileSize: 226590,
    isFolder: '0',
    path: '/images',
    uploadDate: '1411816905' },
  { _id: 54269f15f82a4c926a1e4028,
    deviceID: 'ssm232elite@gmail.com',
    fileName: 'dc_1411817225406.jpg',
    fileSize: 194547,
    isFolder: '0',
    path: '/images',
    uploadDate: '1411817234' },
  { _id: 54269fdbf82a4c926a1e4029,
    deviceID: 'ssm232elite@gmail.com',
    fileName: 'dc_1411817428156.jpg',
    fileSize: 207446,
    isFolder: '0',
    path: '/images',
    uploadDate: '1411817434' } ]
[90mGET /opendir/ssm232elite@gmail.com?path=%2Fimages [32m200 [90m6ms - 2.87kb[0m
5425e53f87bb5b265832e3aa
{ fileName: 'darkcloud.jpg', _id: 5425e53f87bb5b265832e3aa }
[90mGET /read/5425e53f87bb5b265832e3aa [32m200 [90m5ms[0m
5425e53f87bb5b265832e3aa
{ fileName: 'darkcloud.jpg', _id: 5425e53f87bb5b265832e3aa }
[90mGET /read/5425e53f87bb5b265832e3aa [32m200 [90m2ms[0m
54269846f82a4c926a1e4025
{ _id: 54269846f82a4c926a1e4025,
  fileName: 'dc_1411815477002.jpg' }
[90mGET /read/54269846f82a4c926a1e4025 [32m200 [90m36ms[0m
542690f9f82a4c926a1e4024
{ _id: 542690f9f82a4c926a1e4024,
  fileName: 'dc_1411813605342.jpg' }
[90mGET /read/542690f9f82a4c926a1e4024 [32m200 [90m57ms[0m
54268ad7f82a4c926a1e4023
{ _id: 54268ad7f82a4c926a1e4023,
  fileName: 'dc_1411812036365.jpg' }
[90mGET /read/54268ad7f82a4c926a1e4023 [32m200 [90m52ms[0m
542689d9f82a4c926a1e4022
{ _id: 542689d9f82a4c926a1e4022,
  fileName: 'dc_1411811782575.jpg' }
[90mGET /read/542689d9f82a4c926a1e4022 [32m200 [90m87ms[0m
5426882af82a4c926a1e4021
{ _id: 5426882af82a4c926a1e4021,
  fileName: 'dc_1411811355611.jpg' }
[90mGET /read/5426882af82a4c926a1e4021 [32m200 [90m66ms[0m
542680d2f82a4c926a1e4020
{ _id: 542680d2f82a4c926a1e4020,
  fileName: 'dc_1411809478447.jpg' }
[90mGET /read/542680d2f82a4c926a1e4020 [32m200 [90m69ms[0m
54269c92f82a4c926a1e4026
{ _id: 54269c92f82a4c926a1e4026,
  fileName: 'dc_1411816577222.jpg' }
[90mGET /read/54269c92f82a4c926a1e4026 [32m200 [90m57ms[0m
5425e55f87bb5b265832e3ac
{ fileName: 'google.jpg', _id: 5425e55f87bb5b265832e3ac }
[90mGET /read/5425e55f87bb5b265832e3ac [32m200 [90m43ms[0m
5425e55287bb5b265832e3ab
{ fileName: 'gdgssu.jpg', _id: 5425e55287bb5b265832e3ab }
[90mGET /read/5425e55287bb5b265832e3ab [32m200 [90m14ms[0m
54269fdbf82a4c926a1e4029
{ _id: 54269fdbf82a4c926a1e4029,
  fileName: 'dc_1411817428156.jpg' }
[90mGET /read/54269fdbf82a4c926a1e4029 [32m200 [90m54ms[0m
54269f15f82a4c926a1e4028
{ _id: 54269f15f82a4c926a1e4028,
  fileName: 'dc_1411817225406.jpg' }
[90mGET /read/54269f15f82a4c926a1e4028 [32m200 [90m30ms[0m
54269dcaf82a4c926a1e4027
{ _id: 54269dcaf82a4c926a1e4027,
  fileName: 'dc_1411816882410.jpg' }
[90mGET /read/54269dcaf82a4c926a1e4027 [32m200 [90m50ms[0m
fileName : Screenshot_2014-09-28-16-21-09.png, fileSize : 0, uploadDate : 1411888964, deviceID : ssm232elite@gmail.com, isFolder : 0, path : /images
return : 5427b74573ca75481257ef1e
[90mPOST /create [32m200 [90m9ms - 24b[0m
File create success
[90mPOST /write/5427b74573ca75481257ef1e/8192/0 [32m200 [90m19ms - 13b[0m
{ fileSize: '0', _id: 5427b74573ca75481257ef1e }
[90mPOST /write/5427b74573ca75481257ef1e/3251/8192 [32m200 [90m7ms - 13b[0m
{ _id: 5427b74573ca75481257ef1e, fileSize: 8192 }
/images
[ { fileName: 'darkcloud.jpg',
    fileSize: 44155,
    uploadDate: 1411769663.017,
    deviceID: 'ssm232elite@gmail.com',
    isFolder: 0,
    path: '/images',
    _id: 5425e53f87bb5b265832e3aa },
  { fileName: 'gdgssu.jpg',
    fileSize: 91716,
    uploadDate: 1411769682.934,
    deviceID: 'ssm232elite@gmail.com',
    isFolder: 0,
    path: '/images',
    _id: 5425e55287bb5b265832e3ab },
  { fileName: 'google.jpg',
    fileSize: 275605,
    uploadDate: 1411769695.886,
    deviceID: 'ssm232elite@gmail.com',
    isFolder: 0,
    path: '/images',
    _id: 5425e55f87bb5b265832e3ac },
  { _id: 542680d2f82a4c926a1e4020,
    deviceID: 'ssm232elite@gmail.com',
    fileName: 'dc_1411809478447.jpg',
    fileSize: 204405,
    isFolder: '0',
    path: '/images',
    uploadDate: '1411809486' },
  { _id: 5426882af82a4c926a1e4021,
    deviceID: 'ssm232elite@gmail.com',
    fileName: 'dc_1411811355611.jpg',
    fileSize: 200405,
    isFolder: '0',
    path: '/images',
    uploadDate: '1411811369' },
  { _id: 542689d9f82a4c926a1e4022,
    deviceID: 'ssm232elite@gmail.com',
    fileName: 'dc_1411811782575.jpg',
    fileSize: 207496,
    isFolder: '0',
    path: '/images',
    uploadDate: '1411811798' },
  { _id: 54268ad7f82a4c926a1e4023,
    deviceID: 'ssm232elite@gmail.com',
    fileName: 'dc_1411812036365.jpg',
    fileSize: 200807,
    isFolder: '0',
    path: '/images',
    uploadDate: '1411812050' },
  { _id: 542690f9f82a4c926a1e4024,
    deviceID: 'ssm232elite@gmail.com',
    fileName: 'dc_1411813605342.jpg',
    fileSize: 215901,
    isFolder: '0',
    path: '/images',
    uploadDate: '1411813621' },
  { _id: 54269846f82a4c926a1e4025,
    deviceID: 'ssm232elite@gmail.com',
    fileName: 'dc_1411815477002.jpg',
    fileSize: 195767,
    isFolder: '0',
    path: '/images',
    uploadDate: '1411815493' },
  { _id: 54269c92f82a4c926a1e4026,
    deviceID: 'ssm232elite@gmail.com',
    fileName: 'dc_1411816577222.jpg',
    fileSize: 212311,
    isFolder: '0',
    path: '/images',
    uploadDate: '1411816592' },
  { _id: 54269dcaf82a4c926a1e4027,
    deviceID: 'ssm232elite@gmail.com',
    fileName: 'dc_1411816882410.jpg',
    fileSize: 226590,
    isFolder: '0',
    path: '/images',
    uploadDate: '1411816905' },
  { _id: 54269f15f82a4c926a1e4028,
    deviceID: 'ssm232elite@gmail.com',
    fileName: 'dc_1411817225406.jpg',
    fileSize: 194547,
    isFolder: '0',
    path: '/images',
    uploadDate: '1411817234' },
  { _id: 54269fdbf82a4c926a1e4029,
    deviceID: 'ssm232elite@gmail.com',
    fileName: 'dc_1411817428156.jpg',
    fileSize: 207446,
    isFolder: '0',
    path: '/images',
    uploadDate: '1411817434' },
  { _id: 5427b74573ca75481257ef1e,
    deviceID: 'ssm232elite@gmail.com',
    fileName: 'Screenshot_2014-09-28-16-21-09.png',
    fileSize: 11443,
    isFolder: '0',
    path: '/images',
    uploadDate: '1411888964' } ]
[90mGET /opendir/ssm232elite@gmail.com?path=%2Fimages [32m200 [90m5ms - 3.1kb[0m
5425e53f87bb5b265832e3aa
{ fileName: 'darkcloud.jpg', _id: 5425e53f87bb5b265832e3aa }
[90mGET /read/5425e53f87bb5b265832e3aa [32m200 [90m3ms[0m
54269846f82a4c926a1e4025
{ _id: 54269846f82a4c926a1e4025,
  fileName: 'dc_1411815477002.jpg' }
[90mGET /read/54269846f82a4c926a1e4025 [32m200 [90m35ms[0m
5425e55f87bb5b265832e3ac
{ fileName: 'google.jpg', _id: 5425e55f87bb5b265832e3ac }
[90mGET /read/5425e55f87bb5b265832e3ac [32m200 [90m69ms[0m
5425e55287bb5b265832e3ab
{ fileName: 'gdgssu.jpg', _id: 5425e55287bb5b265832e3ab }
[90mGET /read/5425e55287bb5b265832e3ab [32m200 [90m8ms[0m
54269fdbf82a4c926a1e4029
{ _id: 54269fdbf82a4c926a1e4029,
  fileName: 'dc_1411817428156.jpg' }
[90mGET /read/54269fdbf82a4c926a1e4029 [32m200 [90m51ms[0m
54269f15f82a4c926a1e4028
{ _id: 54269f15f82a4c926a1e4028,
  fileName: 'dc_1411817225406.jpg' }
[90mGET /read/54269f15f82a4c926a1e4028 [32m200 [90m27ms[0m
54269dcaf82a4c926a1e4027
{ _id: 54269dcaf82a4c926a1e4027,
  fileName: 'dc_1411816882410.jpg' }
[90mGET /read/54269dcaf82a4c926a1e4027 [32m200 [90m59ms[0m
54269c92f82a4c926a1e4026
{ _id: 54269c92f82a4c926a1e4026,
  fileName: 'dc_1411816577222.jpg' }
[90mGET /read/54269c92f82a4c926a1e4026 [32m200 [90m48ms[0m
5427b74573ca75481257ef1e
{ _id: 5427b74573ca75481257ef1e,
  fileName: 'Screenshot_2014-09-28-16-21-09.png' }
[90mGET /read/5427b74573ca75481257ef1e [32m200 [90m3ms[0m
/images
[ { fileName: 'darkcloud.jpg',
    fileSize: 44155,
    uploadDate: 1411769663.017,
    deviceID: 'ssm232elite@gmail.com',
    isFolder: 0,
    path: '/images',
    _id: 5425e53f87bb5b265832e3aa },
  { fileName: 'gdgssu.jpg',
    fileSize: 91716,
    uploadDate: 1411769682.934,
    deviceID: 'ssm232elite@gmail.com',
    isFolder: 0,
    path: '/images',
    _id: 5425e55287bb5b265832e3ab },
  { fileName: 'google.jpg',
    fileSize: 275605,
    uploadDate: 1411769695.886,
    deviceID: 'ssm232elite@gmail.com',
    isFolder: 0,
    path: '/images',
    _id: 5425e55f87bb5b265832e3ac },
  { _id: 542680d2f82a4c926a1e4020,
    deviceID: 'ssm232elite@gmail.com',
    fileName: 'dc_1411809478447.jpg',
    fileSize: 204405,
    isFolder: '0',
    path: '/images',
    uploadDate: '1411809486' },
  { _id: 5426882af82a4c926a1e4021,
    deviceID: 'ssm232elite@gmail.com',
    fileName: 'dc_1411811355611.jpg',
    fileSize: 200405,
    isFolder: '0',
    path: '/images',
    uploadDate: '1411811369' },
  { _id: 542689d9f82a4c926a1e4022,
    deviceID: 'ssm232elite@gmail.com',
    fileName: 'dc_1411811782575.jpg',
    fileSize: 207496,
    isFolder: '0',
    path: '/images',
    uploadDate: '1411811798' },
  { _id: 54268ad7f82a4c926a1e4023,
    deviceID: 'ssm232elite@gmail.com',
    fileName: 'dc_1411812036365.jpg',
    fileSize: 200807,
    isFolder: '0',
    path: '/images',
    uploadDate: '1411812050' },
  { _id: 542690f9f82a4c926a1e4024,
    deviceID: 'ssm232elite@gmail.com',
    fileName: 'dc_1411813605342.jpg',
    fileSize: 215901,
    isFolder: '0',
    path: '/images',
    uploadDate: '1411813621' },
  { _id: 54269846f82a4c926a1e4025,
    deviceID: 'ssm232elite@gmail.com',
    fileName: 'dc_1411815477002.jpg',
    fileSize: 195767,
    isFolder: '0',
    path: '/images',
    uploadDate: '1411815493' },
  { _id: 54269c92f82a4c926a1e4026,
    deviceID: 'ssm232elite@gmail.com',
    fileName: 'dc_1411816577222.jpg',
    fileSize: 212311,
    isFolder: '0',
    path: '/images',
    uploadDate: '1411816592' },
  { _id: 54269dcaf82a4c926a1e4027,
    deviceID: 'ssm232elite@gmail.com',
    fileName: 'dc_1411816882410.jpg',
    fileSize: 226590,
    isFolder: '0',
    path: '/images',
    uploadDate: '1411816905' },
  { _id: 54269f15f82a4c926a1e4028,
    deviceID: 'ssm232elite@gmail.com',
    fileName: 'dc_1411817225406.jpg',
    fileSize: 194547,
    isFolder: '0',
    path: '/images',
    uploadDate: '1411817234' },
  { _id: 54269fdbf82a4c926a1e4029,
    deviceID: 'ssm232elite@gmail.com',
    fileName: 'dc_1411817428156.jpg',
    fileSize: 207446,
    isFolder: '0',
    path: '/images',
    uploadDate: '1411817434' },
  { _id: 5427b74573ca75481257ef1e,
    deviceID: 'ssm232elite@gmail.com',
    fileName: 'Screenshot_2014-09-28-16-21-09.png',
    fileSize: 11443,
    isFolder: '0',
    path: '/images',
    uploadDate: '1411888964' } ]
[90mGET /opendir/ssm232elite@gmail.com?path=%2Fimages [32m200 [90m5ms - 3.1kb[0m
5425e53f87bb5b265832e3aa
{ fileName: 'darkcloud.jpg', _id: 5425e53f87bb5b265832e3aa }
[90mGET /read/5425e53f87bb5b265832e3aa [32m200 [90m2ms[0m
5425e53f87bb5b265832e3aa
{ fileName: 'darkcloud.jpg', _id: 5425e53f87bb5b265832e3aa }
[90mGET /read/5425e53f87bb5b265832e3aa [32m200 [90m2ms[0m
54269846f82a4c926a1e4025
{ _id: 54269846f82a4c926a1e4025,
  fileName: 'dc_1411815477002.jpg' }
[90mGET /read/54269846f82a4c926a1e4025 [32m200 [90m35ms[0m
542690f9f82a4c926a1e4024
{ _id: 542690f9f82a4c926a1e4024,
  fileName: 'dc_1411813605342.jpg' }
[90mGET /read/542690f9f82a4c926a1e4024 [32m200 [90m53ms[0m
54268ad7f82a4c926a1e4023
{ _id: 54268ad7f82a4c926a1e4023,
  fileName: 'dc_1411812036365.jpg' }
[90mGET /read/54268ad7f82a4c926a1e4023 [32m200 [90m57ms[0m
542689d9f82a4c926a1e4022
{ _id: 542689d9f82a4c926a1e4022,
  fileName: 'dc_1411811782575.jpg' }
[90mGET /read/542689d9f82a4c926a1e4022 [32m200 [90m57ms[0m
5426882af82a4c926a1e4021
{ _id: 5426882af82a4c926a1e4021,
  fileName: 'dc_1411811355611.jpg' }
[90mGET /read/5426882af82a4c926a1e4021 [32m200 [90m55ms[0m
542680d2f82a4c926a1e4020
{ _id: 542680d2f82a4c926a1e4020,
  fileName: 'dc_1411809478447.jpg' }
[90mGET /read/542680d2f82a4c926a1e4020 [32m200 [90m64ms[0m
fileName : Screenshot_2014-09-28-16-21-33.png, fileSize : 0, uploadDate : 1411888993, deviceID : ssm232elite@gmail.com, isFolder : 0, path : /images
return : 5427b76373ca75481257ef1f
[90mPOST /create [32m200 [90m5ms - 24b[0m
File create success
[90mPOST /write/5427b76373ca75481257ef1f/8192/0 [32m200 [90m136ms - 13b[0m
{ fileSize: '0', _id: 5427b76373ca75481257ef1f }
[90mPOST /write/5427b76373ca75481257ef1f/2665/8192 [32m200 [90m19ms - 13b[0m
{ _id: 5427b76373ca75481257ef1f, fileSize: 8192 }
/images
[ { fileName: 'darkcloud.jpg',
    fileSize: 44155,
    uploadDate: 1411769663.017,
    deviceID: 'ssm232elite@gmail.com',
    isFolder: 0,
    path: '/images',
    _id: 5425e53f87bb5b265832e3aa },
  { fileName: 'gdgssu.jpg',
    fileSize: 91716,
    uploadDate: 1411769682.934,
    deviceID: 'ssm232elite@gmail.com',
    isFolder: 0,
    path: '/images',
    _id: 5425e55287bb5b265832e3ab },
  { fileName: 'google.jpg',
    fileSize: 275605,
    uploadDate: 1411769695.886,
    deviceID: 'ssm232elite@gmail.com',
    isFolder: 0,
    path: '/images',
    _id: 5425e55f87bb5b265832e3ac },
  { _id: 542680d2f82a4c926a1e4020,
    deviceID: 'ssm232elite@gmail.com',
    fileName: 'dc_1411809478447.jpg',
    fileSize: 204405,
    isFolder: '0',
    path: '/images',
    uploadDate: '1411809486' },
  { _id: 5426882af82a4c926a1e4021,
    deviceID: 'ssm232elite@gmail.com',
    fileName: 'dc_1411811355611.jpg',
    fileSize: 200405,
    isFolder: '0',
    path: '/images',
    uploadDate: '1411811369' },
  { _id: 542689d9f82a4c926a1e4022,
    deviceID: 'ssm232elite@gmail.com',
    fileName: 'dc_1411811782575.jpg',
    fileSize: 207496,
    isFolder: '0',
    path: '/images',
    uploadDate: '1411811798' },
  { _id: 54268ad7f82a4c926a1e4023,
    deviceID: 'ssm232elite@gmail.com',
    fileName: 'dc_1411812036365.jpg',
    fileSize: 200807,
    isFolder: '0',
    path: '/images',
    uploadDate: '1411812050' },
  { _id: 542690f9f82a4c926a1e4024,
    deviceID: 'ssm232elite@gmail.com',
    fileName: 'dc_1411813605342.jpg',
    fileSize: 215901,
    isFolder: '0',
    path: '/images',
    uploadDate: '1411813621' },
  { _id: 54269846f82a4c926a1e4025,
    deviceID: 'ssm232elite@gmail.com',
    fileName: 'dc_1411815477002.jpg',
    fileSize: 195767,
    isFolder: '0',
    path: '/images',
    uploadDate: '1411815493' },
  { _id: 54269c92f82a4c926a1e4026,
    deviceID: 'ssm232elite@gmail.com',
    fileName: 'dc_1411816577222.jpg',
    fileSize: 212311,
    isFolder: '0',
    path: '/images',
    uploadDate: '1411816592' },
  { _id: 54269dcaf82a4c926a1e4027,
    deviceID: 'ssm232elite@gmail.com',
    fileName: 'dc_1411816882410.jpg',
    fileSize: 226590,
    isFolder: '0',
    path: '/images',
    uploadDate: '1411816905' },
  { _id: 54269f15f82a4c926a1e4028,
    deviceID: 'ssm232elite@gmail.com',
    fileName: 'dc_1411817225406.jpg',
    fileSize: 194547,
    isFolder: '0',
    path: '/images',
    uploadDate: '1411817234' },
  { _id: 54269fdbf82a4c926a1e4029,
    deviceID: 'ssm232elite@gmail.com',
    fileName: 'dc_1411817428156.jpg',
    fileSize: 207446,
    isFolder: '0',
    path: '/images',
    uploadDate: '1411817434' },
  { _id: 5427b74573ca75481257ef1e,
    deviceID: 'ssm232elite@gmail.com',
    fileName: 'Screenshot_2014-09-28-16-21-09.png',
    fileSize: 11443,
    isFolder: '0',
    path: '/images',
    uploadDate: '1411888964' },
  { _id: 5427b76373ca75481257ef1f,
    deviceID: 'ssm232elite@gmail.com',
    fileName: 'Screenshot_2014-09-28-16-21-33.png',
    fileSize: 10857,
    isFolder: '0',
    path: '/images',
    uploadDate: '1411888993' } ]
[90mGET /opendir/ssm232elite@gmail.com?path=%2Fimages [32m200 [90m8ms - 3.34kb[0m
5425e53f87bb5b265832e3aa
{ fileName: 'darkcloud.jpg', _id: 5425e53f87bb5b265832e3aa }
[90mGET /read/5425e53f87bb5b265832e3aa [32m200 [90m2ms[0m
5425e53f87bb5b265832e3aa
{ fileName: 'darkcloud.jpg', _id: 5425e53f87bb5b265832e3aa }
[90mGET /read/5425e53f87bb5b265832e3aa [32m200 [90m2ms[0m
54269846f82a4c926a1e4025
{ _id: 54269846f82a4c926a1e4025,
  fileName: 'dc_1411815477002.jpg' }
[90mGET /read/54269846f82a4c926a1e4025 [32m200 [90m28ms[0m
542690f9f82a4c926a1e4024
{ _id: 542690f9f82a4c926a1e4024,
  fileName: 'dc_1411813605342.jpg' }
[90mGET /read/542690f9f82a4c926a1e4024 [32m200 [90m53ms[0m
54268ad7f82a4c926a1e4023
{ _id: 54268ad7f82a4c926a1e4023,
  fileName: 'dc_1411812036365.jpg' }
[90mGET /read/54268ad7f82a4c926a1e4023 [32m200 [90m49ms[0m
542689d9f82a4c926a1e4022
{ _id: 542689d9f82a4c926a1e4022,
  fileName: 'dc_1411811782575.jpg' }
[90mGET /read/542689d9f82a4c926a1e4022 [32m200 [90m45ms[0m
5426882af82a4c926a1e4021
{ _id: 5426882af82a4c926a1e4021,
  fileName: 'dc_1411811355611.jpg' }
[90mGET /read/5426882af82a4c926a1e4021 [32m200 [90m61ms[0m
542680d2f82a4c926a1e4020
{ _id: 542680d2f82a4c926a1e4020,
  fileName: 'dc_1411809478447.jpg' }
[90mGET /read/542680d2f82a4c926a1e4020 [32m200 [90m48ms[0m
/images
[ { fileName: 'darkcloud.jpg',
    fileSize: 44155,
    uploadDate: 1411769663.017,
    deviceID: 'ssm232elite@gmail.com',
    isFolder: 0,
    path: '/images',
    _id: 5425e53f87bb5b265832e3aa },
  { fileName: 'gdgssu.jpg',
    fileSize: 91716,
    uploadDate: 1411769682.934,
    deviceID: 'ssm232elite@gmail.com',
    isFolder: 0,
    path: '/images',
    _id: 5425e55287bb5b265832e3ab },
  { fileName: 'google.jpg',
    fileSize: 275605,
    uploadDate: 1411769695.886,
    deviceID: 'ssm232elite@gmail.com',
    isFolder: 0,
    path: '/images',
    _id: 5425e55f87bb5b265832e3ac },
  { _id: 542680d2f82a4c926a1e4020,
    deviceID: 'ssm232elite@gmail.com',
    fileName: 'dc_1411809478447.jpg',
    fileSize: 204405,
    isFolder: '0',
    path: '/images',
    uploadDate: '1411809486' },
  { _id: 5426882af82a4c926a1e4021,
    deviceID: 'ssm232elite@gmail.com',
    fileName: 'dc_1411811355611.jpg',
    fileSize: 200405,
    isFolder: '0',
    path: '/images',
    uploadDate: '1411811369' },
  { _id: 542689d9f82a4c926a1e4022,
    deviceID: 'ssm232elite@gmail.com',
    fileName: 'dc_1411811782575.jpg',
    fileSize: 207496,
    isFolder: '0',
    path: '/images',
    uploadDate: '1411811798' },
  { _id: 54268ad7f82a4c926a1e4023,
    deviceID: 'ssm232elite@gmail.com',
    fileName: 'dc_1411812036365.jpg',
    fileSize: 200807,
    isFolder: '0',
    path: '/images',
    uploadDate: '1411812050' },
  { _id: 542690f9f82a4c926a1e4024,
    deviceID: 'ssm232elite@gmail.com',
    fileName: 'dc_1411813605342.jpg',
    fileSize: 215901,
    isFolder: '0',
    path: '/images',
    uploadDate: '1411813621' },
  { _id: 54269846f82a4c926a1e4025,
    deviceID: 'ssm232elite@gmail.com',
    fileName: 'dc_1411815477002.jpg',
    fileSize: 195767,
    isFolder: '0',
    path: '/images',
    uploadDate: '1411815493' },
  { _id: 54269c92f82a4c926a1e4026,
    deviceID: 'ssm232elite@gmail.com',
    fileName: 'dc_1411816577222.jpg',
    fileSize: 212311,
    isFolder: '0',
    path: '/images',
    uploadDate: '1411816592' },
  { _id: 54269dcaf82a4c926a1e4027,
    deviceID: 'ssm232elite@gmail.com',
    fileName: 'dc_1411816882410.jpg',
    fileSize: 226590,
    isFolder: '0',
    path: '/images',
    uploadDate: '1411816905' },
  { _id: 54269f15f82a4c926a1e4028,
    deviceID: 'ssm232elite@gmail.com',
    fileName: 'dc_1411817225406.jpg',
    fileSize: 194547,
    isFolder: '0',
    path: '/images',
    uploadDate: '1411817234' },
  { _id: 54269fdbf82a4c926a1e4029,
    deviceID: 'ssm232elite@gmail.com',
    fileName: 'dc_1411817428156.jpg',
    fileSize: 207446,
    isFolder: '0',
    path: '/images',
    uploadDate: '1411817434' },
  { _id: 5427b74573ca75481257ef1e,
    deviceID: 'ssm232elite@gmail.com',
    fileName: 'Screenshot_2014-09-28-16-21-09.png',
    fileSize: 11443,
    isFolder: '0',
    path: '/images',
    uploadDate: '1411888964' },
  { _id: 5427b76373ca75481257ef1f,
    deviceID: 'ssm232elite@gmail.com',
    fileName: 'Screenshot_2014-09-28-16-21-33.png',
    fileSize: 10857,
    isFolder: '0',
    path: '/images',
    uploadDate: '1411888993' } ]
[90mGET /opendir/ssm232elite@gmail.com?path=%2Fimages [32m200 [90m5ms - 3.34kb[0m
5425e53f87bb5b265832e3aa
{ fileName: 'darkcloud.jpg', _id: 5425e53f87bb5b265832e3aa }
[90mGET /read/5425e53f87bb5b265832e3aa [32m200 [90m2ms[0m
5425e53f87bb5b265832e3aa
{ fileName: 'darkcloud.jpg', _id: 5425e53f87bb5b265832e3aa }
[90mGET /read/5425e53f87bb5b265832e3aa [32m200 [90m1ms[0m
54269846f82a4c926a1e4025
{ _id: 54269846f82a4c926a1e4025,
  fileName: 'dc_1411815477002.jpg' }
[90mGET /read/54269846f82a4c926a1e4025 [32m200 [90m41ms[0m
542690f9f82a4c926a1e4024
{ _id: 542690f9f82a4c926a1e4024,
  fileName: 'dc_1411813605342.jpg' }
[90mGET /read/542690f9f82a4c926a1e4024 [32m200 [90m50ms[0m
54268ad7f82a4c926a1e4023
{ _id: 54268ad7f82a4c926a1e4023,
  fileName: 'dc_1411812036365.jpg' }
[90mGET /read/54268ad7f82a4c926a1e4023 [32m200 [90m42ms[0m
542689d9f82a4c926a1e4022
{ _id: 542689d9f82a4c926a1e4022,
  fileName: 'dc_1411811782575.jpg' }
[90mGET /read/542689d9f82a4c926a1e4022 [32m200 [90m99ms[0m
5426882af82a4c926a1e4021
{ _id: 5426882af82a4c926a1e4021,
  fileName: 'dc_1411811355611.jpg' }
[90mGET /read/5426882af82a4c926a1e4021 [32m200 [90m46ms[0m
fileName : Screenshot_2014-09-28-16-21-37.png, fileSize : 0, uploadDate : 1411889011, deviceID : ssm232elite@gmail.com, isFolder : 0, path : /images
return : 5427b77473ca75481257ef20
[90mPOST /create [32m200 [90m3ms - 24b[0m
File create success
542680d2f82a4c926a1e4020
{ _id: 542680d2f82a4c926a1e4020,
  fileName: 'dc_1411809478447.jpg' }
[90mPOST /write/5427b77473ca75481257ef20/8192/0 [32m200 [90m165ms - 13b[0m
[90mGET /read/542680d2f82a4c926a1e4020 [32m200 [90m174ms[0m
{ fileSize: '0', _id: 5427b77473ca75481257ef20 }
[90mPOST /write/5427b77473ca75481257ef20/8192/8192 [32m200 [90m26ms - 13b[0m
{ _id: 5427b77473ca75481257ef20, fileSize: 8192 }
[90mPOST /write/5427b77473ca75481257ef20/8192/16384 [32m200 [90m11ms - 13b[0m
{ _id: 5427b77473ca75481257ef20, fileSize: 16384 }
[90mPOST /write/5427b77473ca75481257ef20/8192/24576 [32m200 [90m13ms - 13b[0m
{ _id: 5427b77473ca75481257ef20, fileSize: 24576 }
[90mPOST /write/5427b77473ca75481257ef20/8192/32768 [32m200 [90m11ms - 13b[0m
{ _id: 5427b77473ca75481257ef20, fileSize: 32768 }
[90mPOST /write/5427b77473ca75481257ef20/8192/40960 [32m200 [90m13ms - 13b[0m
{ _id: 5427b77473ca75481257ef20, fileSize: 40960 }
[90mPOST /write/5427b77473ca75481257ef20/8192/49152 [32m200 [90m12ms - 13b[0m
{ _id: 5427b77473ca75481257ef20, fileSize: 49152 }
[90mPOST /write/5427b77473ca75481257ef20/8192/57344 [32m200 [90m13ms - 13b[0m
{ _id: 5427b77473ca75481257ef20, fileSize: 57344 }
[90mPOST /write/5427b77473ca75481257ef20/8192/65536 [32m200 [90m14ms - 13b[0m
{ _id: 5427b77473ca75481257ef20, fileSize: 65536 }
[90mPOST /write/5427b77473ca75481257ef20/8192/73728 [32m200 [90m11ms - 13b[0m
{ _id: 5427b77473ca75481257ef20, fileSize: 73728 }
[90mPOST /write/5427b77473ca75481257ef20/8192/81920 [32m200 [90m44ms - 13b[0m
{ _id: 5427b77473ca75481257ef20, fileSize: 81920 }
[90mPOST /write/5427b77473ca75481257ef20/8192/90112 [32m200 [90m31ms - 13b[0m
{ _id: 5427b77473ca75481257ef20, fileSize: 90112 }
[90mPOST /write/5427b77473ca75481257ef20/8192/98304 [32m200 [90m28ms - 13b[0m
{ _id: 5427b77473ca75481257ef20, fileSize: 98304 }
[90mPOST /write/5427b77473ca75481257ef20/4207/106496 [32m200 [90m6ms - 13b[0m
{ _id: 5427b77473ca75481257ef20, fileSize: 106496 }
/images
[ { fileName: 'darkcloud.jpg',
    fileSize: 44155,
    uploadDate: 1411769663.017,
    deviceID: 'ssm232elite@gmail.com',
    isFolder: 0,
    path: '/images',
    _id: 5425e53f87bb5b265832e3aa },
  { fileName: 'gdgssu.jpg',
    fileSize: 91716,
    uploadDate: 1411769682.934,
    deviceID: 'ssm232elite@gmail.com',
    isFolder: 0,
    path: '/images',
    _id: 5425e55287bb5b265832e3ab },
  { fileName: 'google.jpg',
    fileSize: 275605,
    uploadDate: 1411769695.886,
    deviceID: 'ssm232elite@gmail.com',
    isFolder: 0,
    path: '/images',
    _id: 5425e55f87bb5b265832e3ac },
  { _id: 542680d2f82a4c926a1e4020,
    deviceID: 'ssm232elite@gmail.com',
    fileName: 'dc_1411809478447.jpg',
    fileSize: 204405,
    isFolder: '0',
    path: '/images',
    uploadDate: '1411809486' },
  { _id: 5426882af82a4c926a1e4021,
    deviceID: 'ssm232elite@gmail.com',
    fileName: 'dc_1411811355611.jpg',
    fileSize: 200405,
    isFolder: '0',
    path: '/images',
    uploadDate: '1411811369' },
  { _id: 542689d9f82a4c926a1e4022,
    deviceID: 'ssm232elite@gmail.com',
    fileName: 'dc_1411811782575.jpg',
    fileSize: 207496,
    isFolder: '0',
    path: '/images',
    uploadDate: '1411811798' },
  { _id: 54268ad7f82a4c926a1e4023,
    deviceID: 'ssm232elite@gmail.com',
    fileName: 'dc_1411812036365.jpg',
    fileSize: 200807,
    isFolder: '0',
    path: '/images',
    uploadDate: '1411812050' },
  { _id: 542690f9f82a4c926a1e4024,
    deviceID: 'ssm232elite@gmail.com',
    fileName: 'dc_1411813605342.jpg',
    fileSize: 215901,
    isFolder: '0',
    path: '/images',
    uploadDate: '1411813621' },
  { _id: 54269846f82a4c926a1e4025,
    deviceID: 'ssm232elite@gmail.com',
    fileName: 'dc_1411815477002.jpg',
    fileSize: 195767,
    isFolder: '0',
    path: '/images',
    uploadDate: '1411815493' },
  { _id: 54269c92f82a4c926a1e4026,
    deviceID: 'ssm232elite@gmail.com',
    fileName: 'dc_1411816577222.jpg',
    fileSize: 212311,
    isFolder: '0',
    path: '/images',
    uploadDate: '1411816592' },
  { _id: 54269dcaf82a4c926a1e4027,
    deviceID: 'ssm232elite@gmail.com',
    fileName: 'dc_1411816882410.jpg',
    fileSize: 226590,
    isFolder: '0',
    path: '/images',
    uploadDate: '1411816905' },
  { _id: 54269f15f82a4c926a1e4028,
    deviceID: 'ssm232elite@gmail.com',
    fileName: 'dc_1411817225406.jpg',
    fileSize: 194547,
    isFolder: '0',
    path: '/images',
    uploadDate: '1411817234' },
  { _id: 54269fdbf82a4c926a1e4029,
    deviceID: 'ssm232elite@gmail.com',
    fileName: 'dc_1411817428156.jpg',
    fileSize: 207446,
    isFolder: '0',
    path: '/images',
    uploadDate: '1411817434' },
  { _id: 5427b74573ca75481257ef1e,
    deviceID: 'ssm232elite@gmail.com',
    fileName: 'Screenshot_2014-09-28-16-21-09.png',
    fileSize: 11443,
    isFolder: '0',
    path: '/images',
    uploadDate: '1411888964' },
  { _id: 5427b76373ca75481257ef1f,
    deviceID: 'ssm232elite@gmail.com',
    fileName: 'Screenshot_2014-09-28-16-21-33.png',
    fileSize: 10857,
    isFolder: '0',
    path: '/images',
    uploadDate: '1411888993' },
  { _id: 5427b77473ca75481257ef20,
    deviceID: 'ssm232elite@gmail.com',
    fileName: 'Screenshot_2014-09-28-16-21-37.png',
    fileSize: 110703,
    isFolder: '0',
    path: '/images',
    uploadDate: '1411889011' } ]
[90mGET /opendir/ssm232elite@gmail.com?path=%2Fimages [32m200 [90m7ms - 3.58kb[0m
5425e53f87bb5b265832e3aa
{ fileName: 'darkcloud.jpg', _id: 5425e53f87bb5b265832e3aa }
[90mGET /read/5425e53f87bb5b265832e3aa [32m200 [90m3ms[0m
5425e53f87bb5b265832e3aa
{ fileName: 'darkcloud.jpg', _id: 5425e53f87bb5b265832e3aa }
[90mGET /read/5425e53f87bb5b265832e3aa [32m200 [90m2ms[0m
54269846f82a4c926a1e4025
{ _id: 54269846f82a4c926a1e4025,
  fileName: 'dc_1411815477002.jpg' }
[90mGET /read/54269846f82a4c926a1e4025 [32m200 [90m50ms[0m
542690f9f82a4c926a1e4024
{ _id: 542690f9f82a4c926a1e4024,
  fileName: 'dc_1411813605342.jpg' }
[90mGET /read/542690f9f82a4c926a1e4024 [32m200 [90m72ms[0m
54268ad7f82a4c926a1e4023
{ _id: 54268ad7f82a4c926a1e4023,
  fileName: 'dc_1411812036365.jpg' }
[90mGET /read/54268ad7f82a4c926a1e4023 [32m200 [90m133ms[0m
542689d9f82a4c926a1e4022
{ _id: 542689d9f82a4c926a1e4022,
  fileName: 'dc_1411811782575.jpg' }
[90mGET /read/542689d9f82a4c926a1e4022 [32m200 [90m107ms[0m
5426882af82a4c926a1e4021
{ _id: 5426882af82a4c926a1e4021,
  fileName: 'dc_1411811355611.jpg' }
[90mGET /read/5426882af82a4c926a1e4021 [32m200 [90m78ms[0m
542680d2f82a4c926a1e4020
{ _id: 542680d2f82a4c926a1e4020,
  fileName: 'dc_1411809478447.jpg' }
[90mGET /read/542680d2f82a4c926a1e4020 [32m200 [90m58ms[0m
[90mGET / [32m200 [90m3ms[0m
undefined
[90mGET /css/common.css [32m200 [90m1ms[0m
fileName : login_dialog.png
[90mGET /img/login_dialog.png [32m200 [90m1ms[0m
fileName : login_please_input_gmail.png
[90mGET /img/login_please_input_gmail.png [32m200 [90m1ms[0m
fileName : login_background_logo.png
[90mGET /img/login_background_logo.png [32m200 [90m1ms[0m
4864
[90mPOST /login [32m200 [90m4ms - 14b[0m
{ registration_id: 'APA91bFBHz_0_CcBZMpPnuYAux-UOwRl0elgn-Pk6SAitGp_BIOea2FXBwjDDYe-BeA9TxS5RKmJcS93IDeL4pvRZVvpM-Kv6iUu2RW5wf_wK0KtqThL76MauLZ1g-xmXTFxQSa4bGeV8KZ1nuz9LJr4yh-U7OEcSA',
  'data.msg': 'ì¸ì¦ë²ˆí˜¸ : 4864' }
fileName : login_popup_point.png
[90mGET /img/login_popup_point.png [32m200 [90m1ms[0m
fileName : login_please_input_code.png
[90mGET /img/login_please_input_code.png [32m200 [90m1ms[0m
Send With Message ID :  0:1411889023028867%653aae6ff9fd7ecd
{ authCode: '4864' }
authCode : 4864
[ { _id: 54255efcfa336dad3f9359e7,
    authCode: 4864,
    deviceID: 'ssm232elite@gmail.com',
    gcmKey: 'APA91bFBHz_0_CcBZMpPnuYAux-UOwRl0elgn-Pk6SAitGp_BIOea2FXBwjDDYe-BeA9TxS5RKmJcS93IDeL4pvRZVvpM-Kv6iUu2RW5wf_wK0KtqThL76MauLZ1g-xmXTFxQSa4bGeV8KZ1nuz9LJr4yh-U7OEcSA' } ]
Authentication Complete.
ssm232elite@gmail.com
[90mPOST /authCode [32m200 [90m8ms - 21b[0m
path : /
[90mGET /list/ssm232elite@gmail.com?path=/ [32m200 [90m19ms - 8.65kb[0m
[90mGET /js/jquery.reveal.js [32m200 [90m3ms[0m
[90mGET /css/common.css [32m200 [90m3ms[0m
[90mGET /css/reveal.css [32m200 [90m3ms[0m
fileName : list_logo.png
[90mGET /img/list_logo.png [32m200 [90m1ms[0m
fileName : list_upload_btn.png
[90mGET /img/list_upload_btn.png [32m200 [90m1ms[0m
fileName : list_create_folder_btn.png
[90mGET /img/list_create_folder_btn.png [32m200 [90m1ms[0m
fileName : list_selected_download_btn.png
[90mGET /img/list_selected_download_btn.png [32m200 [90m1ms[0m
fileName : list_selected_delete_btn.png
[90mGET /img/list_selected_delete_btn.png [32m200 [90m1ms[0m
fileName : list_folder_icon.png
[90mGET /img/list_folder_icon.png [32m200 [90m1ms[0m
fileName : list_path_background.png
[90mGET /img/list_path_background.png [32m200 [90m1ms[0m
[90mGET /css/modal-gloss.png [32m200 [90m1ms[0m
path : /images
[90mGET /list/ssm232elite@gmail.com?path=/images [32m200 [90m9ms - 19.89kb[0m
[90mGET /js/jquery.reveal.js [32m200 [90m0ms[0m
[90mGET /css/common.css [32m200 [90m0ms[0m
[90mGET /css/reveal.css [32m200 [90m1ms[0m
fileName : list_logo.png
[90mGET /img/list_logo.png [32m200 [90m1ms[0m
fileName : list_upload_btn.png
[90mGET /img/list_upload_btn.png [32m200 [90m1ms[0m
fileName : list_create_folder_btn.png
[90mGET /img/list_create_folder_btn.png [32m200 [90m2ms[0m
fileName : list_selected_download_btn.png
fileName : list_selected_delete_btn.png
[90mGET /img/list_selected_download_btn.png [32m200 [90m7ms[0m
fileName : list_file_icon.png
[90mGET /img/list_selected_delete_btn.png [32m200 [90m2ms[0m
[90mGET /img/list_file_icon.png [32m200 [90m1ms[0m
fileName : list_path_background.png
[90mGET /img/list_path_background.png [32m200 [90m1ms[0m
[90mGET /css/modal-gloss.png [32m200 [90m1ms[0m
{ _id: 5427b74573ca75481257ef1e,
  fileName: 'Screenshot_2014-09-28-16-21-09.png' }
[90mGET /webRead/5427b74573ca75481257ef1e [32m200 [90m3ms[0m
{ _id: 5427b76373ca75481257ef1f,
  fileName: 'Screenshot_2014-09-28-16-21-33.png' }
[90mGET /webRead/5427b76373ca75481257ef1f [32m200 [90m2ms[0m
{ _id: 5427b77473ca75481257ef20,
  fileName: 'Screenshot_2014-09-28-16-21-37.png' }
[90mGET /webRead/5427b77473ca75481257ef20 [32m200 [90m3ms[0m
file remove sucess!
file remove sucess!
file remove sucess!
[90mPOST /remove2 [32m200 [90m6ms - 19b[0m
[90mPOST /remove2 [32m200 [90m5ms - 19b[0m
file remove sucess!
file remove sucess!
[90mPOST /remove2 [32m200 [90m3ms - 19b[0m
[90mPOST /remove2 [32m200 [90m3ms - 19b[0m
[90mPOST /remove2 [32m200 [90m3ms - 19b[0m
file remove sucess!
[90mPOST /remove2 [32m200 [90m1ms - 19b[0m
file remove sucess!
[90mPOST /remove2 [32m200 [90m1ms - 19b[0m
file remove sucess!
file remove sucess!
[90mPOST /remove2 [32m200 [90m2ms - 19b[0m
[90mPOST /remove2 [32m200 [90m3ms - 19b[0m
file remove sucess!
[90mPOST /remove2 [32m200 [90m1ms - 19b[0m
file remove sucess!
[90mPOST /remove2 [32m200 [90m1ms - 19b[0m
file remove sucess!
[90mPOST /remove2 [32m200 [90m1ms - 19b[0m
file remove sucess!
[90mPOST /remove2 [32m200 [90m1ms - 19b[0m
file remove sucess!
[90mPOST /remove2 [32m200 [90m2ms - 19b[0m
file remove sucess!
[90mPOST /remove2 [32m200 [90m1ms - 19b[0m
file remove sucess!
[90mPOST /remove2 [32m200 [90m1ms - 19b[0m
path : /images
[90mGET /list/ssm232elite@gmail.com?path=/images [32m200 [90m4ms - 7.25kb[0m
[90mGET /js/jquery.reveal.js [32m200 [90m2ms[0m
[90mGET /css/common.css [32m200 [90m1ms[0m
fileName : list_logo.png
[90mGET /css/reveal.css [32m200 [90m2ms[0m
[90mGET /img/list_logo.png [32m200 [90m1ms[0m
fileName : list_upload_btn.png
[90mGET /img/list_upload_btn.png [32m200 [90m1ms[0m
fileName : list_create_folder_btn.png
[90mGET /img/list_create_folder_btn.png [32m200 [90m1ms[0m
fileName : list_selected_download_btn.png
fileName : list_selected_delete_btn.png
[90mGET /img/list_selected_download_btn.png [32m200 [90m2ms[0m
[90mGET /img/list_selected_delete_btn.png [32m200 [90m1ms[0m
fileName : list_path_background.png
[90mGET /img/list_path_background.png [32m200 [90m1ms[0m
[90mGET /css/modal-gloss.png [32m200 [90m1ms[0m
