This file contains any messages produced by compilers while
running configure, to aid debugging if configure makes a mistake.

It was created by json-c configure 0.11.99, which was
generated by GNU Autoconf 2.68.  Invocation command line was

  $ ./configure 

## --------- ##
## Platform. ##
## --------- ##

hostname = SSM-Jake
uname -m = x86_64
uname -r = 3.8.0-29-generic
uname -s = Linux
uname -v = #42~precise1-Ubuntu SMP Wed Aug 14 16:19:23 UTC 2013

/usr/bin/uname -p = unknown
/bin/uname -X     = unknown

/bin/arch              = unknown
/usr/bin/arch -k       = unknown
/usr/convex/getsysinfo = unknown
/usr/bin/hostinfo      = unknown
/bin/machine           = unknown
/usr/bin/oslevel       = unknown
/bin/universe          = unknown

PATH: /usr/lib/jvm/jdk1.6.0_38/bin
PATH: /home/jake/Workspace/framework/out/host/linux-x86/bin
PATH: /home/jake/bin
PATH: /usr/lib/lightdm/lightdm
PATH: /usr/local/sbin
PATH: /usr/local/bin
PATH: /usr/sbin
PATH: /usr/bin
PATH: /sbin
PATH: /bin
PATH: /usr/games
PATH: /home/jake/toolchain/ndk
PATH: /home/jake/toolchain/ndk/toolchains/arm-linux-androideabi-4.8/prebuilt/linux-x86_64/bin
PATH: /home/jake/toolchain/arm-eabi-4.4.3/bin


## ----------- ##
## Core tests. ##
## ----------- ##

configure:2283: checking for a BSD-compatible install
configure:2351: result: /usr/bin/install -c
configure:2362: checking whether build environment is sane
configure:2412: result: yes
configure:2553: checking for a thread-safe mkdir -p
configure:2592: result: /bin/mkdir -p
configure:2605: checking for gawk
configure:2635: result: no
configure:2605: checking for mawk
configure:2621: found /usr/bin/mawk
configure:2632: result: mawk
configure:2643: checking whether make sets $(MAKE)
configure:2665: result: yes
configure:2746: checking whether make sets $(MAKE)
configure:2768: result: yes
configure:2816: checking for style of include used by make
configure:2844: result: GNU
configure:2915: checking for gcc
configure:2931: found /usr/bin/gcc
configure:2942: result: gcc
configure:3171: checking for C compiler version
configure:3180: gcc --version >&5
gcc (Ubuntu/Linaro 4.6.3-1ubuntu5) 4.6.3
Copyright (C) 2011 Free Software Foundation, Inc.
This is free software; see the source for copying conditions.  There is NO
warranty; not even for MERCHANTABILITY or FITNESS FOR A PARTICULAR PURPOSE.

configure:3191: $? = 0
configure:3180: gcc -v >&5
Using built-in specs.
COLLECT_GCC=gcc
COLLECT_LTO_WRAPPER=/usr/lib/gcc/x86_64-linux-gnu/4.6/lto-wrapper
Target: x86_64-linux-gnu
Configured with: ../src/configure -v --with-pkgversion='Ubuntu/Linaro 4.6.3-1ubuntu5' --with-bugurl=file:///usr/share/doc/gcc-4.6/README.Bugs --enable-languages=c,c++,fortran,objc,obj-c++ --prefix=/usr --program-suffix=-4.6 --enable-shared --enable-linker-build-id --with-system-zlib --libexecdir=/usr/lib --without-included-gettext --enable-threads=posix --with-gxx-include-dir=/usr/include/c++/4.6 --libdir=/usr/lib --enable-nls --with-sysroot=/ --enable-clocale=gnu --enable-libstdcxx-debug --enable-libstdcxx-time=yes --enable-gnu-unique-object --enable-plugin --enable-objc-gc --disable-werror --with-arch-32=i686 --with-tune=generic --enable-checking=release --build=x86_64-linux-gnu --host=x86_64-linux-gnu --target=x86_64-linux-gnu
Thread model: posix
gcc version 4.6.3 (Ubuntu/Linaro 4.6.3-1ubuntu5) 
configure:3191: $? = 0
configure:3180: gcc -V >&5
gcc: error: unrecognized option '-V'
gcc: fatal error: no input files
compilation terminated.
configure:3191: $? = 4
configure:3180: gcc -qversion >&5
gcc: error: unrecognized option '-qversion'
gcc: fatal error: no input files
compilation terminated.
configure:3191: $? = 4
configure:3211: checking whether the C compiler works
configure:3233: gcc    conftest.c  >&5
configure:3237: $? = 0
configure:3285: result: yes
configure:3288: checking for C compiler default output file name
configure:3290: result: a.out
configure:3296: checking for suffix of executables
configure:3303: gcc -o conftest    conftest.c  >&5
configure:3307: $? = 0
configure:3329: result: 
configure:3351: checking whether we are cross compiling
configure:3359: gcc -o conftest    conftest.c  >&5
configure:3363: $? = 0
configure:3370: ./conftest
configure:3374: $? = 0
configure:3389: result: no
configure:3394: checking for suffix of object files
configure:3416: gcc -c   conftest.c >&5
configure:3420: $? = 0
configure:3441: result: o
configure:3445: checking whether we are using the GNU C compiler
configure:3464: gcc -c   conftest.c >&5
configure:3464: $? = 0
configure:3473: result: yes
configure:3482: checking whether gcc accepts -g
configure:3502: gcc -c -g  conftest.c >&5
configure:3502: $? = 0
configure:3543: result: yes
configure:3560: checking for gcc option to accept ISO C89
configure:3624: gcc  -c -g -O2  conftest.c >&5
configure:3624: $? = 0
configure:3637: result: none needed
configure:3659: checking dependency style of gcc
configure:3770: result: gcc3
configure:3791: checking how to run the C preprocessor
configure:3822: gcc -E  conftest.c
configure:3822: $? = 0
configure:3836: gcc -E  conftest.c
conftest.c:11:28: fatal error: ac_nonexistent.h: No such file or directory
compilation terminated.
configure:3836: $? = 1
configure: failed program was:
| /* confdefs.h */
| #define PACKAGE_NAME "json-c"
| #define PACKAGE_TARNAME "json-c"
| #define PACKAGE_VERSION "0.11.99"
| #define PACKAGE_STRING "json-c 0.11.99"
| #define PACKAGE_BUGREPORT "json-c@googlegroups.com"
| #define PACKAGE_URL ""
| #define PACKAGE "json-c"
| #define VERSION "0.11.99"
| /* end confdefs.h.  */
| #include <ac_nonexistent.h>
configure:3861: result: gcc -E
configure:3881: gcc -E  conftest.c
configure:3881: $? = 0
configure:3895: gcc -E  conftest.c
conftest.c:11:28: fatal error: ac_nonexistent.h: No such file or directory
compilation terminated.
configure:3895: $? = 1
configure: failed program was:
| /* confdefs.h */
| #define PACKAGE_NAME "json-c"
| #define PACKAGE_TARNAME "json-c"
| #define PACKAGE_VERSION "0.11.99"
| #define PACKAGE_STRING "json-c 0.11.99"
| #define PACKAGE_BUGREPORT "json-c@googlegroups.com"
| #define PACKAGE_URL ""
| #define PACKAGE "json-c"
| #define VERSION "0.11.99"
| /* end confdefs.h.  */
| #include <ac_nonexistent.h>
configure:3924: checking for grep that handles long lines and -e
configure:3982: result: /bin/grep
configure:3987: checking for egrep
configure:4049: result: /bin/grep -E
configure:4054: checking for ANSI C header files
configure:4074: gcc -c -g -O2  conftest.c >&5
configure:4074: $? = 0
configure:4147: gcc -o conftest -g -O2   conftest.c  >&5
configure:4147: $? = 0
configure:4147: ./conftest
configure:4147: $? = 0
configure:4158: result: yes
configure:4171: checking for sys/types.h
configure:4171: gcc -c -g -O2  conftest.c >&5
configure:4171: $? = 0
configure:4171: result: yes
configure:4171: checking for sys/stat.h
configure:4171: gcc -c -g -O2  conftest.c >&5
configure:4171: $? = 0
configure:4171: result: yes
configure:4171: checking for stdlib.h
configure:4171: gcc -c -g -O2  conftest.c >&5
configure:4171: $? = 0
configure:4171: result: yes
configure:4171: checking for string.h
configure:4171: gcc -c -g -O2  conftest.c >&5
configure:4171: $? = 0
configure:4171: result: yes
configure:4171: checking for memory.h
configure:4171: gcc -c -g -O2  conftest.c >&5
configure:4171: $? = 0
configure:4171: result: yes
configure:4171: checking for strings.h
configure:4171: gcc -c -g -O2  conftest.c >&5
configure:4171: $? = 0
configure:4171: result: yes
configure:4171: checking for inttypes.h
configure:4171: gcc -c -g -O2  conftest.c >&5
configure:4171: $? = 0
configure:4171: result: yes
configure:4171: checking for stdint.h
configure:4171: gcc -c -g -O2  conftest.c >&5
configure:4171: $? = 0
configure:4171: result: yes
configure:4171: checking for unistd.h
configure:4171: gcc -c -g -O2  conftest.c >&5
configure:4171: $? = 0
configure:4171: result: yes
configure:4186: checking fcntl.h usability
configure:4186: gcc -c -g -O2  conftest.c >&5
configure:4186: $? = 0
configure:4186: result: yes
configure:4186: checking fcntl.h presence
configure:4186: gcc -E  conftest.c
configure:4186: $? = 0
configure:4186: result: yes
configure:4186: checking for fcntl.h
configure:4186: result: yes
configure:4186: checking limits.h usability
configure:4186: gcc -c -g -O2  conftest.c >&5
configure:4186: $? = 0
configure:4186: result: yes
configure:4186: checking limits.h presence
configure:4186: gcc -E  conftest.c
configure:4186: $? = 0
configure:4186: result: yes
configure:4186: checking for limits.h
configure:4186: result: yes
configure:4186: checking for strings.h
configure:4186: result: yes
configure:4186: checking syslog.h usability
configure:4186: gcc -c -g -O2  conftest.c >&5
configure:4186: $? = 0
configure:4186: result: yes
configure:4186: checking syslog.h presence
configure:4186: gcc -E  conftest.c
configure:4186: $? = 0
configure:4186: result: yes
configure:4186: checking for syslog.h
configure:4186: result: yes
configure:4186: checking for unistd.h
configure:4186: result: yes
configure:4186: checking sys/cdefs.h usability
configure:4186: gcc -c -g -O2  conftest.c >&5
configure:4186: $? = 0
configure:4186: result: yes
configure:4186: checking sys/cdefs.h presence
configure:4186: gcc -E  conftest.c
configure:4186: $? = 0
configure:4186: result: yes
configure:4186: checking for sys/cdefs.h
configure:4186: result: yes
configure:4186: checking sys/param.h usability
configure:4186: gcc -c -g -O2  conftest.c >&5
configure:4186: $? = 0
configure:4186: result: yes
configure:4186: checking sys/param.h presence
configure:4186: gcc -E  conftest.c
configure:4186: $? = 0
configure:4186: result: yes
configure:4186: checking for sys/param.h
configure:4186: result: yes
configure:4186: checking stdarg.h usability
configure:4186: gcc -c -g -O2  conftest.c >&5
configure:4186: $? = 0
configure:4186: result: yes
configure:4186: checking stdarg.h presence
configure:4186: gcc -E  conftest.c
configure:4186: $? = 0
configure:4186: result: yes
configure:4186: checking for stdarg.h
configure:4186: result: yes
configure:4186: checking locale.h usability
configure:4186: gcc -c -g -O2  conftest.c >&5
configure:4186: $? = 0
configure:4186: result: yes
configure:4186: checking locale.h presence
configure:4186: gcc -E  conftest.c
configure:4186: $? = 0
configure:4186: result: yes
configure:4186: checking for locale.h
configure:4186: result: yes
configure:4196: checking for inttypes.h
configure:4196: result: yes
configure:4206: checking for an ANSI C-conforming const
configure:4271: gcc -c -g -O2  conftest.c >&5
configure:4271: $? = 0
configure:4278: result: yes
configure:4286: checking for size_t
configure:4286: gcc -c -g -O2  conftest.c >&5
configure:4286: $? = 0
configure:4286: gcc -c -g -O2  conftest.c >&5
conftest.c: In function 'main':
conftest.c:67:21: error: expected expression before ')' token
configure:4286: $? = 1
configure: failed program was:
| /* confdefs.h */
| #define PACKAGE_NAME "json-c"
| #define PACKAGE_TARNAME "json-c"
| #define PACKAGE_VERSION "0.11.99"
| #define PACKAGE_STRING "json-c 0.11.99"
| #define PACKAGE_BUGREPORT "json-c@googlegroups.com"
| #define PACKAGE_URL ""
| #define PACKAGE "json-c"
| #define VERSION "0.11.99"
| #define STDC_HEADERS 1
| #define HAVE_SYS_TYPES_H 1
| #define HAVE_SYS_STAT_H 1
| #define HAVE_STDLIB_H 1
| #define HAVE_STRING_H 1
| #define HAVE_MEMORY_H 1
| #define HAVE_STRINGS_H 1
| #define HAVE_INTTYPES_H 1
| #define HAVE_STDINT_H 1
| #define HAVE_UNISTD_H 1
| #define HAVE_FCNTL_H 1
| #define HAVE_LIMITS_H 1
| #define HAVE_STRINGS_H 1
| #define HAVE_SYSLOG_H 1
| #define HAVE_UNISTD_H 1
| #define HAVE_SYS_CDEFS_H 1
| #define HAVE_SYS_PARAM_H 1
| #define HAVE_STDARG_H 1
| #define HAVE_LOCALE_H 1
| #define JSON_C_HAVE_INTTYPES_H 1
| /* end confdefs.h.  */
| #include <stdio.h>
| #ifdef HAVE_SYS_TYPES_H
| # include <sys/types.h>
| #endif
| #ifdef HAVE_SYS_STAT_H
| # include <sys/stat.h>
| #endif
| #ifdef STDC_HEADERS
| # include <stdlib.h>
| # include <stddef.h>
| #else
| # ifdef HAVE_STDLIB_H
| #  include <stdlib.h>
| # endif
| #endif
| #ifdef HAVE_STRING_H
| # if !defined STDC_HEADERS && defined HAVE_MEMORY_H
| #  include <memory.h>
| # endif
| # include <string.h>
| #endif
| #ifdef HAVE_STRINGS_H
| # include <strings.h>
| #endif
| #ifdef HAVE_INTTYPES_H
| # include <inttypes.h>
| #endif
| #ifdef HAVE_STDINT_H
| # include <stdint.h>
| #endif
| #ifdef HAVE_UNISTD_H
| # include <unistd.h>
| #endif
| int
| main ()
| {
| if (sizeof ((size_t)))
| 	    return 0;
|   ;
|   return 0;
| }
configure:4286: result: yes
configure:4301: checking for vprintf
configure:4301: gcc -o conftest -g -O2   conftest.c  >&5
conftest.c:54:6: warning: conflicting types for built-in function 'vprintf' [enabled by default]
configure:4301: $? = 0
configure:4301: result: yes
configure:4307: checking for _doprnt
configure:4307: gcc -o conftest -g -O2   conftest.c  >&5
/tmp/ccT6EPHn.o: In function `main':
/home/jake/Downloads/json-c/conftest.c:66: undefined reference to `_doprnt'
collect2: ld returned 1 exit status
configure:4307: $? = 1
configure: failed program was:
| /* confdefs.h */
| #define PACKAGE_NAME "json-c"
| #define PACKAGE_TARNAME "json-c"
| #define PACKAGE_VERSION "0.11.99"
| #define PACKAGE_STRING "json-c 0.11.99"
| #define PACKAGE_BUGREPORT "json-c@googlegroups.com"
| #define PACKAGE_URL ""
| #define PACKAGE "json-c"
| #define VERSION "0.11.99"
| #define STDC_HEADERS 1
| #define HAVE_SYS_TYPES_H 1
| #define HAVE_SYS_STAT_H 1
| #define HAVE_STDLIB_H 1
| #define HAVE_STRING_H 1
| #define HAVE_MEMORY_H 1
| #define HAVE_STRINGS_H 1
| #define HAVE_INTTYPES_H 1
| #define HAVE_STDINT_H 1
| #define HAVE_UNISTD_H 1
| #define HAVE_FCNTL_H 1
| #define HAVE_LIMITS_H 1
| #define HAVE_STRINGS_H 1
| #define HAVE_SYSLOG_H 1
| #define HAVE_UNISTD_H 1
| #define HAVE_SYS_CDEFS_H 1
| #define HAVE_SYS_PARAM_H 1
| #define HAVE_STDARG_H 1
| #define HAVE_LOCALE_H 1
| #define JSON_C_HAVE_INTTYPES_H 1
| #define HAVE_VPRINTF 1
| /* end confdefs.h.  */
| /* Define _doprnt to an innocuous variant, in case <limits.h> declares _doprnt.
|    For example, HP-UX 11i <limits.h> declares gettimeofday.  */
| #define _doprnt innocuous__doprnt
| 
| /* System header to define __stub macros and hopefully few prototypes,
|     which can conflict with char _doprnt (); below.
|     Prefer <limits.h> to <assert.h> if __STDC__ is defined, since
|     <limits.h> exists even on freestanding compilers.  */
| 
| #ifdef __STDC__
| # include <limits.h>
| #else
| # include <assert.h>
| #endif
| 
| #undef _doprnt
| 
| /* Override any GCC internal prototype to avoid an error.
|    Use char because int might match the return type of a GCC
|    builtin and then its argument prototype would still apply.  */
| #ifdef __cplusplus
| extern "C"
| #endif
| char _doprnt ();
| /* The GNU C library defines this for functions which it implements
|     to always fail with ENOSYS.  Some functions are actually named
|     something starting with __ and the normal name is an alias.  */
| #if defined __stub__doprnt || defined __stub____doprnt
| choke me
| #endif
| 
| int
| main ()
| {
| return _doprnt ();
|   ;
|   return 0;
| }
configure:4307: result: no
configure:4318: checking for working memcmp
configure:4361: gcc -o conftest -g -O2   conftest.c  >&5
configure:4361: $? = 0
configure:4361: ./conftest
configure:4361: $? = 0
configure:4371: result: yes
configure:4382: checking for stdlib.h
configure:4382: result: yes
configure:4392: checking for GNU libc compatible malloc
configure:4416: gcc -o conftest -g -O2   conftest.c  >&5
configure:4416: $? = 0
configure:4416: ./conftest
configure:4416: $? = 0
configure:4426: result: yes
configure:4449: checking for stdlib.h
configure:4449: result: yes
configure:4459: checking for GNU libc compatible realloc
configure:4483: gcc -o conftest -g -O2   conftest.c  >&5
configure:4483: $? = 0
configure:4483: ./conftest
configure:4483: $? = 0
configure:4493: result: yes
configure:4517: checking for strcasecmp
configure:4517: gcc -o conftest -g -O2   conftest.c  >&5
conftest.c:59:6: warning: conflicting types for built-in function 'strcasecmp' [enabled by default]
configure:4517: $? = 0
configure:4517: result: yes
configure:4517: checking for strdup
configure:4517: gcc -o conftest -g -O2   conftest.c  >&5
conftest.c:60:6: warning: conflicting types for built-in function 'strdup' [enabled by default]
configure:4517: $? = 0
configure:4517: result: yes
configure:4517: checking for strerror
configure:4517: gcc -o conftest -g -O2   conftest.c  >&5
configure:4517: $? = 0
configure:4517: result: yes
configure:4517: checking for snprintf
configure:4517: gcc -o conftest -g -O2   conftest.c  >&5
conftest.c:62:6: warning: conflicting types for built-in function 'snprintf' [enabled by default]
configure:4517: $? = 0
configure:4517: result: yes
configure:4517: checking for vsnprintf
configure:4517: gcc -o conftest -g -O2   conftest.c  >&5
conftest.c:63:6: warning: conflicting types for built-in function 'vsnprintf' [enabled by default]
configure:4517: $? = 0
configure:4517: result: yes
configure:4517: checking for vasprintf
configure:4517: gcc -o conftest -g -O2   conftest.c  >&5
configure:4517: $? = 0
configure:4517: result: yes
configure:4517: checking for open
configure:4517: gcc -o conftest -g -O2   conftest.c  >&5
configure:4517: $? = 0
configure:4517: result: yes
configure:4517: checking for vsyslog
configure:4517: gcc -o conftest -g -O2   conftest.c  >&5
configure:4517: $? = 0
configure:4517: result: yes
configure:4517: checking for strncasecmp
configure:4517: gcc -o conftest -g -O2   conftest.c  >&5
conftest.c:67:6: warning: conflicting types for built-in function 'strncasecmp' [enabled by default]
configure:4517: $? = 0
configure:4517: result: yes
configure:4517: checking for setlocale
configure:4517: gcc -o conftest -g -O2   conftest.c  >&5
configure:4517: $? = 0
configure:4517: result: yes
configure:4535: checking if .gnu.warning accepts long strings
configure:4546: gcc -o conftest -g -O2   conftest.c  >&5
/tmp/ccu3wlN6.s: Assembler messages:
/tmp/ccu3wlN6.s:5: Error: character following name is not '#'
configure:4546: $? = 1
configure: failed program was:
| /* confdefs.h */
| #define PACKAGE_NAME "json-c"
| #define PACKAGE_TARNAME "json-c"
| #define PACKAGE_VERSION "0.11.99"
| #define PACKAGE_STRING "json-c 0.11.99"
| #define PACKAGE_BUGREPORT "json-c@googlegroups.com"
| #define PACKAGE_URL ""
| #define PACKAGE "json-c"
| #define VERSION "0.11.99"
| #define STDC_HEADERS 1
| #define HAVE_SYS_TYPES_H 1
| #define HAVE_SYS_STAT_H 1
| #define HAVE_STDLIB_H 1
| #define HAVE_STRING_H 1
| #define HAVE_MEMORY_H 1
| #define HAVE_STRINGS_H 1
| #define HAVE_INTTYPES_H 1
| #define HAVE_STDINT_H 1
| #define HAVE_UNISTD_H 1
| #define HAVE_FCNTL_H 1
| #define HAVE_LIMITS_H 1
| #define HAVE_STRINGS_H 1
| #define HAVE_SYSLOG_H 1
| #define HAVE_UNISTD_H 1
| #define HAVE_SYS_CDEFS_H 1
| #define HAVE_SYS_PARAM_H 1
| #define HAVE_STDARG_H 1
| #define HAVE_LOCALE_H 1
| #define JSON_C_HAVE_INTTYPES_H 1
| #define HAVE_VPRINTF 1
| #define HAVE_STDLIB_H 1
| #define HAVE_MALLOC 1
| #define HAVE_STDLIB_H 1
| #define HAVE_REALLOC 1
| #define HAVE_STRCASECMP 1
| #define HAVE_STRDUP 1
| #define HAVE_STRERROR 1
| #define HAVE_SNPRINTF 1
| #define HAVE_VSNPRINTF 1
| #define HAVE_VASPRINTF 1
| #define HAVE_OPEN 1
| #define HAVE_VSYSLOG 1
| #define HAVE_STRNCASECMP 1
| #define HAVE_SETLOCALE 1
| /* end confdefs.h.  */
| 
| extern void json_object_get();
| __asm__(".section .gnu.json_object_get,\n\t.ascii \"Please link against libjson-c instead of libjson\"\n\t.text");
| 
| int main(int c,char* v) {return 0;}
| 
configure:4556: result: no
configure:4599: checking build system type
configure:4613: result: x86_64-unknown-linux-gnu
configure:4633: checking host system type
configure:4646: result: x86_64-unknown-linux-gnu
configure:4687: checking how to print strings
configure:4714: result: printf
configure:4735: checking for a sed that does not truncate output
configure:4799: result: /bin/sed
configure:4817: checking for fgrep
configure:4879: result: /bin/grep -F
configure:4914: checking for ld used by gcc
configure:4981: result: /usr/bin/ld
configure:4988: checking if the linker (/usr/bin/ld) is GNU ld
configure:5003: result: yes
configure:5015: checking for BSD- or MS-compatible name lister (nm)
configure:5064: result: /usr/bin/nm -B
configure:5194: checking the name lister (/usr/bin/nm -B) interface
configure:5201: gcc -c -g -O2  conftest.c >&5
configure:5204: /usr/bin/nm -B "conftest.o"
configure:5207: output
0000000000000000 B some_variable
configure:5214: result: BSD nm
configure:5217: checking whether ln -s works
configure:5221: result: yes
configure:5229: checking the maximum length of command line arguments
configure:5359: result: 1572864
configure:5376: checking whether the shell understands some XSI constructs
configure:5386: result: yes
configure:5390: checking whether the shell understands "+="
configure:5396: result: yes
configure:5431: checking how to convert x86_64-unknown-linux-gnu file names to x86_64-unknown-linux-gnu format
configure:5471: result: func_convert_file_noop
configure:5478: checking how to convert x86_64-unknown-linux-gnu file names to toolchain format
configure:5498: result: func_convert_file_noop
configure:5505: checking for /usr/bin/ld option to reload object files
configure:5512: result: -r
configure:5586: checking for objdump
configure:5602: found /usr/bin/objdump
configure:5613: result: objdump
configure:5645: checking how to recognize dependent libraries
configure:5847: result: pass_all
configure:5932: checking for dlltool
configure:5962: result: no
configure:5992: checking how to associate runtime and link libraries
configure:6019: result: printf %s\n
configure:6079: checking for ar
configure:6095: found /usr/bin/ar
configure:6106: result: ar
configure:6143: checking for archiver @FILE support
configure:6160: gcc -c -g -O2  conftest.c >&5
configure:6160: $? = 0
configure:6163: ar cru libconftest.a @conftest.lst >&5
configure:6166: $? = 0
configure:6171: ar cru libconftest.a @conftest.lst >&5
ar: conftest.o: No such file or directory
configure:6174: $? = 1
configure:6186: result: @
configure:6244: checking for strip
configure:6260: found /usr/bin/strip
configure:6271: result: strip
configure:6343: checking for ranlib
configure:6359: found /usr/bin/ranlib
configure:6370: result: ranlib
configure:6472: checking command to parse /usr/bin/nm -B output from gcc object
configure:6592: gcc -c -g -O2  conftest.c >&5
configure:6595: $? = 0
configure:6599: /usr/bin/nm -B conftest.o \| sed -n -e 's/^.*[ ]\([ABCDGIRSTW][ABCDGIRSTW]*\)[ ][ ]*\([_A-Za-z][_A-Za-z0-9]*\)$/\1 \2 \2/p' | sed '/ __gnu_lto/d' \> conftest.nm
configure:6602: $? = 0
configure:6668: gcc -o conftest -g -O2   conftest.c conftstm.o >&5
configure:6671: $? = 0
configure:6709: result: ok
configure:6746: checking for sysroot
configure:6776: result: no
configure:6853: gcc -c -g -O2  conftest.c >&5
configure:6856: $? = 0
configure:7032: checking for mt
configure:7048: found /bin/mt
configure:7059: result: mt
configure:7082: checking if mt is a manifest tool
configure:7088: mt '-?'
configure:7096: result: no
configure:7735: checking for dlfcn.h
configure:7735: gcc -c -g -O2  conftest.c >&5
configure:7735: $? = 0
configure:7735: result: yes
configure:7941: checking for objdir
configure:7956: result: .libs
configure:8223: checking if gcc supports -fno-rtti -fno-exceptions
configure:8241: gcc -c -g -O2  -fno-rtti -fno-exceptions conftest.c >&5
cc1: warning: command line option '-fno-rtti' is valid for C++/ObjC++ but not for C [enabled by default]
configure:8245: $? = 0
configure:8258: result: no
configure:8585: checking for gcc option to produce PIC
configure:8592: result: -fPIC -DPIC
configure:8600: checking if gcc PIC flag -fPIC -DPIC works
configure:8618: gcc -c -g -O2  -fPIC -DPIC -DPIC conftest.c >&5
configure:8622: $? = 0
configure:8635: result: yes
configure:8664: checking if gcc static flag -static works
configure:8692: result: yes
configure:8707: checking if gcc supports -c -o file.o
configure:8728: gcc -c -g -O2  -o out/conftest2.o conftest.c >&5
configure:8732: $? = 0
configure:8754: result: yes
configure:8762: checking if gcc supports -c -o file.o
configure:8809: result: yes
configure:8842: checking whether the gcc linker (/usr/bin/ld -m elf_x86_64) supports shared libraries
configure:9999: result: yes
configure:10036: checking whether -lc should be explicitly linked in
configure:10044: gcc -c -g -O2  conftest.c >&5
configure:10047: $? = 0
configure:10062: gcc -shared  -fPIC -DPIC conftest.o  -v -Wl,-soname -Wl,conftest -o conftest 2\>\&1 \| /bin/grep  -lc  \>/dev/null 2\>\&1
configure:10065: $? = 0
configure:10079: result: no
configure:10239: checking dynamic linker characteristics
configure:10750: gcc -o conftest -g -O2   -Wl,-rpath -Wl,/foo conftest.c  >&5
configure:10750: $? = 0
configure:10984: result: GNU/Linux ld.so
configure:11091: checking how to hardcode library paths into programs
configure:11116: result: immediate
configure:11656: checking whether stripping libraries is possible
configure:11661: result: yes
configure:11696: checking if libtool supports shared libraries
configure:11698: result: yes
configure:11701: checking whether to build shared libraries
configure:11722: result: yes
configure:11725: checking whether to build static libraries
configure:11729: result: yes
configure:11904: creating ./config.status

## ---------------------- ##
## Running config.status. ##
## ---------------------- ##

This file was extended by json-c config.status 0.11.99, which was
generated by GNU Autoconf 2.68.  Invocation command line was

  CONFIG_FILES    = 
  CONFIG_HEADERS  = 
  CONFIG_LINKS    = 
  CONFIG_COMMANDS = 
  $ ./config.status 

on SSM-Jake

config.status:1120: creating Makefile
config.status:1120: creating json.pc
config.status:1120: creating json-c.pc
config.status:1120: creating tests/Makefile
config.status:1120: creating json-c-uninstalled.pc
config.status:1120: creating config.h
config.status:1301: config.h is unchanged
config.status:1120: creating json_config.h
config.status:1301: json_config.h is unchanged
config.status:1349: executing depfiles commands
config.status:1349: executing libtool commands

## ---------------- ##
## Cache variables. ##
## ---------------- ##

ac_cv_build=x86_64-unknown-linux-gnu
ac_cv_c_compiler_gnu=yes
ac_cv_c_const=yes
ac_cv_env_CC_set=
ac_cv_env_CC_value=
ac_cv_env_CFLAGS_set=
ac_cv_env_CFLAGS_value=
ac_cv_env_CPPFLAGS_set=
ac_cv_env_CPPFLAGS_value=
ac_cv_env_CPP_set=
ac_cv_env_CPP_value=
ac_cv_env_LDFLAGS_set=
ac_cv_env_LDFLAGS_value=
ac_cv_env_LIBS_set=
ac_cv_env_LIBS_value=
ac_cv_env_build_alias_set=
ac_cv_env_build_alias_value=
ac_cv_env_host_alias_set=
ac_cv_env_host_alias_value=
ac_cv_env_target_alias_set=
ac_cv_env_target_alias_value=
ac_cv_func__doprnt=no
ac_cv_func_malloc_0_nonnull=yes
ac_cv_func_memcmp_working=yes
ac_cv_func_open=yes
ac_cv_func_realloc_0_nonnull=yes
ac_cv_func_setlocale=yes
ac_cv_func_snprintf=yes
ac_cv_func_strcasecmp=yes
ac_cv_func_strdup=yes
ac_cv_func_strerror=yes
ac_cv_func_strncasecmp=yes
ac_cv_func_vasprintf=yes
ac_cv_func_vprintf=yes
ac_cv_func_vsnprintf=yes
ac_cv_func_vsyslog=yes
ac_cv_header_dlfcn_h=yes
ac_cv_header_fcntl_h=yes
ac_cv_header_inttypes_h=yes
ac_cv_header_limits_h=yes
ac_cv_header_locale_h=yes
ac_cv_header_memory_h=yes
ac_cv_header_stdarg_h=yes
ac_cv_header_stdc=yes
ac_cv_header_stdint_h=yes
ac_cv_header_stdlib_h=yes
ac_cv_header_string_h=yes
ac_cv_header_strings_h=yes
ac_cv_header_sys_cdefs_h=yes
ac_cv_header_sys_param_h=yes
ac_cv_header_sys_stat_h=yes
ac_cv_header_sys_types_h=yes
ac_cv_header_syslog_h=yes
ac_cv_header_unistd_h=yes
ac_cv_host=x86_64-unknown-linux-gnu
ac_cv_objext=o
ac_cv_path_EGREP='/bin/grep -E'
ac_cv_path_FGREP='/bin/grep -F'
ac_cv_path_GREP=/bin/grep
ac_cv_path_SED=/bin/sed
ac_cv_path_install='/usr/bin/install -c'
ac_cv_path_mkdir=/bin/mkdir
ac_cv_prog_AWK=mawk
ac_cv_prog_CPP='gcc -E'
ac_cv_prog_ac_ct_AR=ar
ac_cv_prog_ac_ct_CC=gcc
ac_cv_prog_ac_ct_MANIFEST_TOOL=mt
ac_cv_prog_ac_ct_OBJDUMP=objdump
ac_cv_prog_ac_ct_RANLIB=ranlib
ac_cv_prog_ac_ct_STRIP=strip
ac_cv_prog_cc_c89=
ac_cv_prog_cc_g=yes
ac_cv_prog_make_make_set=yes
ac_cv_type_size_t=yes
am_cv_CC_dependencies_compiler_type=gcc3
lt_cv_ar_at_file=@
lt_cv_archive_cmds_need_lc=no
lt_cv_deplibs_check_method=pass_all
lt_cv_file_magic_cmd='$MAGIC_CMD'
lt_cv_file_magic_test_file=
lt_cv_ld_reload_flag=-r
lt_cv_nm_interface='BSD nm'
lt_cv_objdir=.libs
lt_cv_path_LD=/usr/bin/ld
lt_cv_path_NM='/usr/bin/nm -B'
lt_cv_path_mainfest_tool=no
lt_cv_prog_compiler_c_o=yes
lt_cv_prog_compiler_pic='-fPIC -DPIC'
lt_cv_prog_compiler_pic_works=yes
lt_cv_prog_compiler_rtti_exceptions=no
lt_cv_prog_compiler_static_works=yes
lt_cv_prog_gnu_ld=yes
lt_cv_sharedlib_from_linklib_cmd='printf %s\n'
lt_cv_shlibpath_overrides_runpath=no
lt_cv_sys_global_symbol_pipe='sed -n -e '\''s/^.*[	 ]\([ABCDGIRSTW][ABCDGIRSTW]*\)[	 ][	 ]*\([_A-Za-z][_A-Za-z0-9]*\)$/\1 \2 \2/p'\'' | sed '\''/ __gnu_lto/d'\'''
lt_cv_sys_global_symbol_to_c_name_address='sed -n -e '\''s/^: \([^ ]*\)[ ]*$/  {\"\1\", (void *) 0},/p'\'' -e '\''s/^[ABCDGIRSTW]* \([^ ]*\) \([^ ]*\)$/  {"\2", (void *) \&\2},/p'\'''
lt_cv_sys_global_symbol_to_c_name_address_lib_prefix='sed -n -e '\''s/^: \([^ ]*\)[ ]*$/  {\"\1\", (void *) 0},/p'\'' -e '\''s/^[ABCDGIRSTW]* \([^ ]*\) \(lib[^ ]*\)$/  {"\2", (void *) \&\2},/p'\'' -e '\''s/^[ABCDGIRSTW]* \([^ ]*\) \([^ ]*\)$/  {"lib\2", (void *) \&\2},/p'\'''
lt_cv_sys_global_symbol_to_cdecl='sed -n -e '\''s/^T .* \(.*\)$/extern int \1();/p'\'' -e '\''s/^[ABCDGIRSTW]* .* \(.*\)$/extern char \1;/p'\'''
lt_cv_sys_max_cmd_len=1572864
lt_cv_to_host_file_cmd=func_convert_file_noop
lt_cv_to_tool_file_cmd=func_convert_file_noop

## ----------------- ##
## Output variables. ##
## ----------------- ##

ACLOCAL='${SHELL} /home/jake/Downloads/json-c/missing --run aclocal-1.11'
AMDEPBACKSLASH='\'
AMDEP_FALSE='#'
AMDEP_TRUE=''
AMTAR='$${TAR-tar}'
AR='ar'
AUTOCONF='${SHELL} /home/jake/Downloads/json-c/missing --run autoconf'
AUTOHEADER='${SHELL} /home/jake/Downloads/json-c/missing --run autoheader'
AUTOMAKE='${SHELL} /home/jake/Downloads/json-c/missing --run automake-1.11'
AWK='mawk'
CC='gcc'
CCDEPMODE='depmode=gcc3'
CFLAGS='-g -O2'
CPP='gcc -E'
CPPFLAGS=''
CYGPATH_W='echo'
DEFS='-DHAVE_CONFIG_H'
DEPDIR='.deps'
DLLTOOL='false'
DSYMUTIL=''
DUMPBIN=''
ECHO_C=''
ECHO_N='-n'
ECHO_T=''
EGREP='/bin/grep -E'
ENABLE_OLDNAME_COMPAT_FALSE='#'
ENABLE_OLDNAME_COMPAT_TRUE=''
EXEEXT=''
FGREP='/bin/grep -F'
GREP='/bin/grep'
INSTALL_DATA='${INSTALL} -m 644'
INSTALL_PROGRAM='${INSTALL}'
INSTALL_SCRIPT='${INSTALL}'
INSTALL_STRIP_PROGRAM='$(install_sh) -c -s'
LD='/usr/bin/ld -m elf_x86_64'
LDFLAGS=''
LIBOBJS=''
LIBS=''
LIBTOOL='$(SHELL) $(top_builddir)/libtool'
LIPO=''
LN_S='ln -s'
LTLIBOBJS=''
MAKEINFO='${SHELL} /home/jake/Downloads/json-c/missing --run makeinfo'
MANIFEST_TOOL=':'
MKDIR_P='/bin/mkdir -p'
NM='/usr/bin/nm -B'
NMEDIT=''
OBJDUMP='objdump'
OBJEXT='o'
OTOOL64=''
OTOOL=''
PACKAGE='json-c'
PACKAGE_BUGREPORT='json-c@googlegroups.com'
PACKAGE_NAME='json-c'
PACKAGE_STRING='json-c 0.11.99'
PACKAGE_TARNAME='json-c'
PACKAGE_URL=''
PACKAGE_VERSION='0.11.99'
PATH_SEPARATOR=':'
RANLIB='ranlib'
SED='/bin/sed'
SET_MAKE=''
SHELL='/bin/bash'
STRIP='strip'
VERSION='0.11.99'
ac_ct_AR='ar'
ac_ct_CC='gcc'
ac_ct_DUMPBIN=''
am__EXEEXT_FALSE=''
am__EXEEXT_TRUE='#'
am__fastdepCC_FALSE='#'
am__fastdepCC_TRUE=''
am__include='include'
am__isrc=''
am__leading_dot='.'
am__nodep='_no'
am__quote=''
am__tar='$${TAR-tar} chof - "$$tardir"'
am__untar='$${TAR-tar} xf -'
bindir='${exec_prefix}/bin'
build='x86_64-unknown-linux-gnu'
build_alias=''
build_cpu='x86_64'
build_os='linux-gnu'
build_vendor='unknown'
datadir='${datarootdir}'
datarootdir='${prefix}/share'
docdir='${datarootdir}/doc/${PACKAGE_TARNAME}'
dvidir='${docdir}'
exec_prefix='${prefix}'
host='x86_64-unknown-linux-gnu'
host_alias=''
host_cpu='x86_64'
host_os='linux-gnu'
host_vendor='unknown'
htmldir='${docdir}'
includedir='${prefix}/include'
infodir='${datarootdir}/info'
install_sh='${SHELL} /home/jake/Downloads/json-c/install-sh'
libdir='${exec_prefix}/lib'
libexecdir='${exec_prefix}/libexec'
localedir='${datarootdir}/locale'
localstatedir='${prefix}/var'
mandir='${datarootdir}/man'
mkdir_p='/bin/mkdir -p'
oldincludedir='/usr/include'
pdfdir='${docdir}'
prefix='/usr/local'
program_transform_name='s,x,x,'
psdir='${docdir}'
sbindir='${exec_prefix}/sbin'
sharedstatedir='${prefix}/com'
sysconfdir='${prefix}/etc'
target_alias=''

## ----------- ##
## confdefs.h. ##
## ----------- ##

/* confdefs.h */
#define PACKAGE_NAME "json-c"
#define PACKAGE_TARNAME "json-c"
#define PACKAGE_VERSION "0.11.99"
#define PACKAGE_STRING "json-c 0.11.99"
#define PACKAGE_BUGREPORT "json-c@googlegroups.com"
#define PACKAGE_URL ""
#define PACKAGE "json-c"
#define VERSION "0.11.99"
#define STDC_HEADERS 1
#define HAVE_SYS_TYPES_H 1
#define HAVE_SYS_STAT_H 1
#define HAVE_STDLIB_H 1
#define HAVE_STRING_H 1
#define HAVE_MEMORY_H 1
#define HAVE_STRINGS_H 1
#define HAVE_INTTYPES_H 1
#define HAVE_STDINT_H 1
#define HAVE_UNISTD_H 1
#define HAVE_FCNTL_H 1
#define HAVE_LIMITS_H 1
#define HAVE_STRINGS_H 1
#define HAVE_SYSLOG_H 1
#define HAVE_UNISTD_H 1
#define HAVE_SYS_CDEFS_H 1
#define HAVE_SYS_PARAM_H 1
#define HAVE_STDARG_H 1
#define HAVE_LOCALE_H 1
#define JSON_C_HAVE_INTTYPES_H 1
#define HAVE_VPRINTF 1
#define HAVE_STDLIB_H 1
#define HAVE_MALLOC 1
#define HAVE_STDLIB_H 1
#define HAVE_REALLOC 1
#define HAVE_STRCASECMP 1
#define HAVE_STRDUP 1
#define HAVE_STRERROR 1
#define HAVE_SNPRINTF 1
#define HAVE_VSNPRINTF 1
#define HAVE_VASPRINTF 1
#define HAVE_OPEN 1
#define HAVE_VSYSLOG 1
#define HAVE_STRNCASECMP 1
#define HAVE_SETLOCALE 1
#define HAVE_DLFCN_H 1
#define LT_OBJDIR ".libs/"

configure: exit 0
